[0.026s] Invoking command in '/home/user/simulation_ws/build/turtlebot3_gazebo': CMAKE_PREFIX_PATH=${CMAKE_PREFIX_PATH}:/home/user/simulation_ws/install/turtlebot3_teleop:/home/user/simulation_ws/install/turtlebot3_example:/home/simulations/ros2_sims_ws/install/rclrs_tests:/home/simulations/ros2_sims_ws/install/examples_rclrs_minimal_client_service:/home/simulations/ros2_sims_ws/install/sensor_msgs_py:/home/simulations/ros2_sims_ws/install/examples_rclrs_minimal_pub_sub:/home/simulations/ros2_sims_ws/install/examples_rclrs_message_demo:/home/simulations/ros2_sims_ws/install/rclrs:/home/simulations/ros2_sims_ws/install/rosidl_runtime_rs:/opt/ros/humble _=/usr/bin/env /usr/bin/cmake /home/user/simulation_ws/src/turtlebot3_ros2/turtlebot3_gazebo -DCMAKE_INSTALL_PREFIX=/home/user/simulation_ws/install/turtlebot3_gazebo
[0.291s] -- The C compiler identification is GNU 11.3.0
[0.376s] -- The CXX compiler identification is GNU 11.3.0
[0.399s] -- Detecting C compiler ABI info
[0.513s] -- Detecting C compiler ABI info - done
[0.522s] -- Check for working C compiler: /usr/bin/cc - skipped
[0.523s] -- Detecting C compile features
[0.524s] -- Detecting C compile features - done
[0.531s] -- Detecting CXX compiler ABI info
[0.643s] -- Detecting CXX compiler ABI info - done
[0.652s] -- Check for working CXX compiler: /usr/bin/c++ - skipped
[0.652s] -- Detecting CXX compile features
[0.653s] -- Detecting CXX compile features - done
[0.667s] -- Found ament_cmake: 1.3.4 (/opt/ros/humble/share/ament_cmake/cmake)
[0.969s] -- Found Python3: /usr/bin/python3.10 (found version "3.10.6") found components: Interpreter 
[1.277s] [33mCMake Warning (dev) at /usr/share/cmake-3.22/Modules/FindPackageHandleStandardArgs.cmake:438 (message):
[1.277s]   The package name passed to `find_package_handle_standard_args` (PkgConfig)
[1.278s]   does not match the name of the calling package (gazebo).  This can lead to
[1.278s]   problems in calling code that expects `find_package` result variables
[1.278s]   (e.g., `_FOUND`) to follow a certain pattern.
[1.278s] Call Stack (most recent call first):
[1.278s]   /usr/share/cmake-3.22/Modules/FindPkgConfig.cmake:99 (find_package_handle_standard_args)
[1.278s]   /usr/lib/x86_64-linux-gnu/cmake/gazebo/gazebo-config.cmake:72 (include)
[1.278s]   CMakeLists.txt:23 (find_package)
[1.278s] This warning is for project developers.  Use -Wno-dev to suppress it.
[1.278s] [0m
[1.278s] -- Found PkgConfig: /usr/bin/pkg-config (found version "0.29.2") 
[1.283s] -- Checking for module 'bullet>=2.82'
[1.306s] --   Found bullet, version 3.05
[1.916s] -- Found fcl: /usr/include (found suitable version "0.7.0", minimum required is "0.5.0") 
[2.054s] -- Found assimp: /usr/include (found version "5.2.0") 
[2.251s] -- Found DART: /usr/include (Required is at least version "6.6") found components: dart 
[2.586s] -- Found Boost: /usr/lib/x86_64-linux-gnu/cmake/Boost-1.74.0/BoostConfig.cmake (found suitable version "1.74.0", minimum required is "1.40.0") found components: thread system filesystem program_options regex iostreams date_time 
[2.917s] -- Found Protobuf: /usr/lib/x86_64-linux-gnu/libprotobuf.so (found version "3.12.4") 
[3.019s] -- Looking for ignition-math6 -- found version 6.12.0
[3.048s] -- Searching for dependencies of ignition-math6
[3.135s] -- Looking for OGRE...
[3.135s] -- OGRE_PREFIX_WATCH changed.
[3.142s] -- Checking for module 'OGRE'
[3.168s] --   Found OGRE, version 1.9.0
[3.246s] -- Found Ogre Ghadamon (1.9.0)
[3.269s] -- Found OGRE: optimized;/usr/lib/x86_64-linux-gnu/libOgreMain.so;debug;/usr/lib/x86_64-linux-gnu/libOgreMain.so
[3.281s] -- Looking for OGRE_Paging...
[3.295s] -- Found OGRE_Paging: optimized;/usr/lib/x86_64-linux-gnu/libOgrePaging.so;debug;/usr/lib/x86_64-linux-gnu/libOgrePaging.so
[3.295s] -- Looking for OGRE_Terrain...
[3.311s] -- Found OGRE_Terrain: optimized;/usr/lib/x86_64-linux-gnu/libOgreTerrain.so;debug;/usr/lib/x86_64-linux-gnu/libOgreTerrain.so
[3.311s] -- Looking for OGRE_Property...
[3.323s] -- Found OGRE_Property: optimized;/usr/lib/x86_64-linux-gnu/libOgreProperty.so;debug;/usr/lib/x86_64-linux-gnu/libOgreProperty.so
[3.323s] -- Looking for OGRE_RTShaderSystem...
[3.336s] -- Found OGRE_RTShaderSystem: optimized;/usr/lib/x86_64-linux-gnu/libOgreRTShaderSystem.so;debug;/usr/lib/x86_64-linux-gnu/libOgreRTShaderSystem.so
[3.336s] -- Looking for OGRE_Volume...
[3.349s] -- Found OGRE_Volume: optimized;/usr/lib/x86_64-linux-gnu/libOgreVolume.so;debug;/usr/lib/x86_64-linux-gnu/libOgreVolume.so
[3.349s] -- Looking for OGRE_Overlay...
[3.363s] -- Found OGRE_Overlay: optimized;/usr/lib/x86_64-linux-gnu/libOgreOverlay.so;debug;/usr/lib/x86_64-linux-gnu/libOgreOverlay.so
[3.673s] -- Looking for ignition-math6 -- found version 6.12.0
[3.685s] -- Looking for ignition-transport8 -- found version 8.2.1
[3.685s] -- Searching for dependencies of ignition-transport8
[3.723s] -- Found Protobuf: /usr/lib/x86_64-linux-gnu/libprotobuf.so (found suitable version "3.12.4", minimum required is "3") 
[3.751s] -- Config-file not installed for ZeroMQ -- checking for pkg-config
[3.758s] -- Checking for module 'libzmq >= 4'
[3.968s] --   Found libzmq , version 4.3.4
[4.018s] -- Found ZeroMQ: TRUE (Required is at least version "4") 
[4.027s] -- Checking for module 'uuid'
[4.046s] --   Found uuid, version 2.37.2
[4.090s] -- Found UUID: TRUE  
[4.101s] -- Looking for ignition-msgs5 -- found version 5.8.1
[4.102s] -- Searching for dependencies of ignition-msgs5
[4.136s] -- Looking for ignition-math6 -- found version 6.12.0
[4.143s] -- Checking for module 'tinyxml2'
[4.163s] --   Found tinyxml2, version 9.0.0
[4.212s] -- Looking for ignition-msgs5 -- found version 5.8.1
[4.225s] -- Looking for ignition-common3 -- found version 3.14.0
[4.226s] -- Searching for dependencies of ignition-common3
[4.227s] -- Looking for dlfcn.h - found
[4.229s] -- Looking for libdl - found
[4.230s] -- Found DL: TRUE  
[4.255s] -- Found tinyobjloader: /usr/lib/x86_64-linux-gnu/cmake/tinyobjloader/tinyobjloader-config.cmake (found version "2.0.0") 
[4.257s] -- Searching for <ignition-common3> component [graphics]
[4.268s] -- Looking for ignition-common3-graphics -- found version 3.14.0
[4.268s] -- Searching for dependencies of ignition-common3-graphics
[4.269s] -- Looking for ignition-math6 -- found version 6.12.0
[4.285s] -- Looking for ignition-fuel_tools4 -- found version 4.4.0
[4.285s] -- Searching for dependencies of ignition-fuel_tools4
[4.411s] -- Found CURL: /usr/lib/x86_64-linux-gnu/libcurl.so (found version "7.81.0")  
[4.509s] -- Checking for module 'jsoncpp'
[4.531s] --   Found jsoncpp, version 1.9.5
[4.579s] -- Found JSONCPP: TRUE  
[4.596s] -- Checking for module 'libzip'
[4.614s] --   Found libzip, version 1.7.3
[4.661s] -- Found ZIP: TRUE  
[4.662s] -- Looking for ignition-common3 -- found version 3.14.0
[4.662s] -- Looking for ignition-math6 -- found version 6.12.0
[4.663s] -- Looking for ignition-msgs5 -- found version 5.8.1
[4.690s] -- Found gazebo_ros_pkgs: 3.7.0 (/opt/ros/humble/share/gazebo_ros_pkgs/cmake)
[4.694s] -- Found geometry_msgs: 4.2.3 (/home/simulations/ros2_sims_ws/install/geometry_msgs/share/geometry_msgs/cmake)
[4.905s] -- Found rosidl_generator_c: 3.1.4 (/opt/ros/humble/share/rosidl_generator_c/cmake)
[4.932s] -- Found rosidl_adapter: 3.1.4 (/opt/ros/humble/share/rosidl_adapter/cmake)
[4.969s] -- Found rosidl_generator_cpp: 3.1.4 (/opt/ros/humble/share/rosidl_generator_cpp/cmake)
[5.019s] -- Using all available rosidl_typesupport_c: rosidl_typesupport_fastrtps_c;rosidl_typesupport_introspection_c
[5.082s] -- Using all available rosidl_typesupport_cpp: rosidl_typesupport_fastrtps_cpp;rosidl_typesupport_introspection_cpp
[5.597s] -- Found nav_msgs: 4.2.3 (/home/simulations/ros2_sims_ws/install/nav_msgs/share/nav_msgs/cmake)
[5.823s] -- Found rclcpp: 16.0.4 (/opt/ros/humble/share/rclcpp/cmake)
[6.150s] -- Found rmw_implementation_cmake: 6.1.1 (/opt/ros/humble/share/rmw_implementation_cmake/cmake)
[6.167s] -- Found rmw_fastrtps_cpp: 6.2.2 (/opt/ros/humble/share/rmw_fastrtps_cpp/cmake)
[6.386s] -- Found OpenSSL: /usr/lib/x86_64-linux-gnu/libcrypto.so (found version "3.0.2")  
[6.437s] -- Found FastRTPS: /opt/ros/humble/include  
[6.531s] -- Using RMW implementation 'rmw_fastrtps_cpp' as default
[6.571s] -- Found Threads: TRUE  
[6.790s] -- Found sensor_msgs: 4.2.3 (/home/simulations/ros2_sims_ws/install/sensor_msgs/share/sensor_msgs/cmake)
[6.928s] -- Found tf2: 0.25.2 (/opt/ros/humble/share/tf2/cmake)
[7.068s] -- Configuring done
[7.122s] -- Generating done
[7.125s] -- Build files have been written to: /home/user/simulation_ws/build/turtlebot3_gazebo
[7.140s] Invoked command in '/home/user/simulation_ws/build/turtlebot3_gazebo' returned '0': CMAKE_PREFIX_PATH=${CMAKE_PREFIX_PATH}:/home/user/simulation_ws/install/turtlebot3_teleop:/home/user/simulation_ws/install/turtlebot3_example:/home/simulations/ros2_sims_ws/install/rclrs_tests:/home/simulations/ros2_sims_ws/install/examples_rclrs_minimal_client_service:/home/simulations/ros2_sims_ws/install/sensor_msgs_py:/home/simulations/ros2_sims_ws/install/examples_rclrs_minimal_pub_sub:/home/simulations/ros2_sims_ws/install/examples_rclrs_message_demo:/home/simulations/ros2_sims_ws/install/rclrs:/home/simulations/ros2_sims_ws/install/rosidl_runtime_rs:/opt/ros/humble _=/usr/bin/env /usr/bin/cmake /home/user/simulation_ws/src/turtlebot3_ros2/turtlebot3_gazebo -DCMAKE_INSTALL_PREFIX=/home/user/simulation_ws/install/turtlebot3_gazebo
[7.143s] Invoking command in '/home/user/simulation_ws/build/turtlebot3_gazebo': CMAKE_PREFIX_PATH=${CMAKE_PREFIX_PATH}:/home/user/simulation_ws/install/turtlebot3_teleop:/home/user/simulation_ws/install/turtlebot3_example:/home/simulations/ros2_sims_ws/install/rclrs_tests:/home/simulations/ros2_sims_ws/install/examples_rclrs_minimal_client_service:/home/simulations/ros2_sims_ws/install/sensor_msgs_py:/home/simulations/ros2_sims_ws/install/examples_rclrs_minimal_pub_sub:/home/simulations/ros2_sims_ws/install/examples_rclrs_message_demo:/home/simulations/ros2_sims_ws/install/rclrs:/home/simulations/ros2_sims_ws/install/rosidl_runtime_rs:/opt/ros/humble _=/usr/bin/env /usr/bin/cmake --build /home/user/simulation_ws/build/turtlebot3_gazebo -- -j8 -l8
[7.236s] [ 12%] [32mBuilding CXX object CMakeFiles/obstacles.dir/models/turtlebot3_dqn_world/obstacle_plugin/obstacles.cc.o[0m
[7.237s] [ 25%] [32mBuilding CXX object CMakeFiles/obstacle1.dir/models/turtlebot3_dqn_world/obstacle_plugin/obstacle1.cc.o[0m
[7.237s] [ 37%] [32mBuilding CXX object CMakeFiles/turtlebot3_drive.dir/src/turtlebot3_drive.cpp.o[0m
[7.240s] [ 50%] [32mBuilding CXX object CMakeFiles/obstacle2.dir/models/turtlebot3_dqn_world/obstacle_plugin/obstacle2.cc.o[0m
[24.501s] [01m[Kc++:[m[K [01;31m[Kfatal error: [m[KKilled signal terminated program cc1plus
[24.502s] compilation terminated.
[24.502s] gmake[2]: *** [CMakeFiles/obstacle1.dir/build.make:76: CMakeFiles/obstacle1.dir/models/turtlebot3_dqn_world/obstacle_plugin/obstacle1.cc.o] Error 1
[24.502s] gmake[1]: *** [CMakeFiles/Makefile2:169: CMakeFiles/obstacle1.dir/all] Error 2
[24.502s] gmake[1]: *** Waiting for unfinished jobs....
[196.284s] [01m[Kc++:[m[K [01;31m[Kfatal error: [m[KKilled signal terminated program cc1plus
[196.285s] compilation terminated.
[196.287s] gmake[2]: *** [CMakeFiles/obstacles.dir/build.make:76: CMakeFiles/obstacles.dir/models/turtlebot3_dqn_world/obstacle_plugin/obstacles.cc.o] Error 1
[196.287s] gmake[1]: *** [CMakeFiles/Makefile2:221: CMakeFiles/obstacles.dir/all] Error 2
[201.137s] [ 62%] [32m[1mLinking CXX shared library libobstacle2.so[0m
[201.646s] [ 62%] Built target obstacle2
[202.671s] [ 75%] [32m[1mLinking CXX executable turtlebot3_drive[0m
[204.285s] [ 75%] Built target turtlebot3_drive
[204.286s] gmake: *** [Makefile:146: all] Error 2
[204.298s] Invoked command in '/home/user/simulation_ws/build/turtlebot3_gazebo' returned '2': CMAKE_PREFIX_PATH=${CMAKE_PREFIX_PATH}:/home/user/simulation_ws/install/turtlebot3_teleop:/home/user/simulation_ws/install/turtlebot3_example:/home/simulations/ros2_sims_ws/install/rclrs_tests:/home/simulations/ros2_sims_ws/install/examples_rclrs_minimal_client_service:/home/simulations/ros2_sims_ws/install/sensor_msgs_py:/home/simulations/ros2_sims_ws/install/examples_rclrs_minimal_pub_sub:/home/simulations/ros2_sims_ws/install/examples_rclrs_message_demo:/home/simulations/ros2_sims_ws/install/rclrs:/home/simulations/ros2_sims_ws/install/rosidl_runtime_rs:/opt/ros/humble _=/usr/bin/env /usr/bin/cmake --build /home/user/simulation_ws/build/turtlebot3_gazebo -- -j8 -l8
